=== puma startup: 2017-08-22 10:21:48 +0200 ===
[12209] * Starting control server on unix:///var/folders/mw/96pqc3kx4qb08fl3_9z9h2740000gn/T/puma-status-1503390108998-12209
[12209] - Worker 1 (pid: 12222) booted, phase: 0
[12209] - Worker 0 (pid: 12221) booted, phase: 0
[12209] - Gracefully shutting down workers...
[12209] === puma shutdown: 2017-08-22 10:22:10 +0200 ===
[12209] - Goodbye!
Exiting
=== puma startup: 2017-08-22 10:22:17 +0200 ===
[12353] * Starting control server on unix:///var/folders/mw/96pqc3kx4qb08fl3_9z9h2740000gn/T/puma-status-1503390137218-12353
[12353] - Worker 0 (pid: 12362) booted, phase: 0
[12353] - Worker 1 (pid: 12363) booted, phase: 0
[12353] - Gracefully shutting down workers...
[12353] === puma shutdown: 2017-08-22 10:23:20 +0200 ===
[12353] - Goodbye!
Exiting
=== puma startup: 2017-08-22 10:23:30 +0200 ===
[12508] * Starting control server on unix:///var/folders/mw/96pqc3kx4qb08fl3_9z9h2740000gn/T/puma-status-1503390210015-12508
[12508] - Worker 1 (pid: 12518) booted, phase: 0
[12508] - Worker 0 (pid: 12517) booted, phase: 0
[12508] - Gracefully shutting down workers...
[12508] === puma shutdown: 2017-08-22 10:23:32 +0200 ===
[12508] - Goodbye!
Exiting
=== puma startup: 2017-08-22 10:24:38 +0200 ===
[12664] * Starting control server on unix:///var/folders/mw/96pqc3kx4qb08fl3_9z9h2740000gn/T/puma-status-1503390278209-12664
[12664] - Worker 1 (pid: 12674) booted, phase: 0
[12664] - Worker 0 (pid: 12673) booted, phase: 0
[12664] - Gracefully shutting down workers...
[12664] === puma shutdown: 2017-08-22 10:24:42 +0200 ===
[12664] - Goodbye!
Exiting
=== puma startup: 2017-08-22 10:24:51 +0200 ===
[12678] * Starting control server on unix:///var/folders/mw/96pqc3kx4qb08fl3_9z9h2740000gn/T/puma-status-1503390291822-12678
[12678] - Worker 0 (pid: 12690) booted, phase: 0
[12678] - Worker 1 (pid: 12691) booted, phase: 0
[12678] - Gracefully shutting down workers...
[12678] === puma shutdown: 2017-08-22 10:24:55 +0200 ===
[12678] - Goodbye!
Exiting
=== puma startup: 2017-08-22 10:25:26 +0200 ===
[12824] * Starting control server on unix:///var/folders/mw/96pqc3kx4qb08fl3_9z9h2740000gn/T/puma-status-1503390326268-12824
[12824] - Worker 1 (pid: 12834) booted, phase: 0
[12824] - Worker 0 (pid: 12833) booted, phase: 0
[12824] - Gracefully shutting down workers...
[12824] === puma shutdown: 2017-08-22 10:26:38 +0200 ===
[12824] - Goodbye!
Exiting
=== puma startup: 2017-08-22 10:27:09 +0200 ===
[13185] * Starting control server on unix:///var/folders/mw/96pqc3kx4qb08fl3_9z9h2740000gn/T/puma-status-1503390429238-13185
[13185] - Worker 0 (pid: 13194) booted, phase: 0
[13185] - Worker 1 (pid: 13195) booted, phase: 0
[13185] - Gracefully shutting down workers...
[13185] === puma shutdown: 2017-08-22 10:27:11 +0200 ===
[13185] - Goodbye!
Exiting
=== puma startup: 2017-08-22 10:29:36 +0200 ===
[13495] * Starting control server on unix:///var/folders/mw/96pqc3kx4qb08fl3_9z9h2740000gn/T/puma-status-1503390576845-13493
[13735] ! Detected parent died, dying
[13736] ! Detected parent died, dying
